# JRE version: 7.0_17-b02
# Java VM: Java HotSpot(TM) 64-Bit Server VM (23.7-b01 mixed mode linux-amd64 compressed oops)
Heap
 PSYoungGen      total 237568K, used 237555K [0x00000000f0000000, 0x0000000100000000, 0x0000000100000000)
  eden space 221184K, 100% used [0x00000000f0000000,0x00000000fd800000,0x00000000fd800000)
  from space 16384K, 99% used [0x00000000ff000000,0x00000000ffffcc68,0x0000000100000000)
  to   space 20480K, 93% used [0x00000000fd800000,0x00000000feab5bc8,0x00000000fec00000)
 ParOldGen       total 84032K, used 35621K [0x00000000d0000000, 0x00000000d5210000, 0x00000000f0000000)
  object space 84032K, 42% used [0x00000000d0000000,0x00000000d22c9568,0x00000000d5210000)
 PSPermGen       total 30272K, used 30184K [0x00000000c0000000, 0x00000000c1d90000, 0x00000000d0000000)
  object space 30272K, 99% used [0x00000000c0000000,0x00000000c1d7a110,0x00000000c1d90000)
GC Heap History (10 events):
Event: 1.790 GC heap after
Heap after GC invocations=2 (full 0):
 PSYoungGen      total 68224K, used 5216K [0x00000000f0000000, 0x00000000f47c0000, 0x0000000100000000)
  eden space 62976K, 0% used [0x00000000f0000000,0x00000000f0000000,0x00000000f3d80000)
  from space 5248K, 99% used [0x00000000f42a0000,0x00000000f47b8030,0x00000000f47c0000)
  to   space 5248K, 0% used [0x00000000f3d80000,0x00000000f3d80000,0x00000000f42a0000)
 ParOldGen       total 84032K, used 8926K [0x00000000d0000000, 0x00000000d5210000, 0x00000000f0000000)
  object space 84032K, 10% used [0x00000000d0000000,0x00000000d08b7ae0,0x00000000d5210000)
 PSPermGen       total 21248K, used 16575K [0x00000000c0000000, 0x00000000c14c0000, 0x00000000d0000000)
  object space 21248K, 78% used [0x00000000c0000000,0x00000000c102fc90,0x00000000c14c0000)
}
Event: 3.248 GC heap before
{Heap before GC invocations=3 (full 0):
 PSYoungGen      total 68224K, used 68192K [0x00000000f0000000, 0x00000000f47c0000, 0x0000000100000000)
  eden space 62976K, 100% used [0x00000000f0000000,0x00000000f3d80000,0x00000000f3d80000)
  from space 5248K, 99% used [0x00000000f42a0000,0x00000000f47b8030,0x00000000f47c0000)
  to   space 5248K, 0% used [0x00000000f3d80000,0x00000000f3d80000,0x00000000f42a0000)
 ParOldGen       total 84032K, used 8926K [0x00000000d0000000, 0x00000000d5210000, 0x00000000f0000000)
  object space 84032K, 10% used [0x00000000d0000000,0x00000000d08b7ae0,0x00000000d5210000)
 PSPermGen       total 21248K, used 19797K [0x00000000c0000000, 0x00000000c14c0000, 0x00000000d0000000)
  object space 21248K, 93% used [0x00000000c0000000,0x00000000c1355410,0x00000000c14c0000)
Event: 3.267 GC heap after
Heap after GC invocations=3 (full 0):
 PSYoungGen      total 68224K, used 5248K [0x00000000f0000000, 0x00000000f8540000, 0x0000000100000000)
  eden space 62976K, 0% used [0x00000000f0000000,0x00000000f0000000,0x00000000f3d80000)
  from space 5248K, 100% used [0x00000000f3d80000,0x00000000f42a0000,0x00000000f42a0000)
  to   space 5248K, 0% used [0x00000000f8020000,0x00000000f8020000,0x00000000f8540000)
 ParOldGen       total 84032K, used 16134K [0x00000000d0000000, 0x00000000d5210000, 0x00000000f0000000)
  object space 84032K, 19% used [0x00000000d0000000,0x00000000d0fc19e8,0x00000000d5210000)
 PSPermGen       total 21248K, used 19797K [0x00000000c0000000, 0x00000000c14c0000, 0x00000000d0000000)
  object space 21248K, 93% used [0x00000000c0000000,0x00000000c1355410,0x00000000c14c0000)
}
Event: 4.510 GC heap before
{Heap before GC invocations=4 (full 0):
 PSYoungGen      total 68224K, used 68224K [0x00000000f0000000, 0x00000000f8540000, 0x0000000100000000)
  eden space 62976K, 100% used [0x00000000f0000000,0x00000000f3d80000,0x00000000f3d80000)
  from space 5248K, 100% used [0x00000000f3d80000,0x00000000f42a0000,0x00000000f42a0000)
  to   space 5248K, 0% used [0x00000000f8020000,0x00000000f8020000,0x00000000f8540000)
 ParOldGen       total 84032K, used 16134K [0x00000000d0000000, 0x00000000d5210000, 0x00000000f0000000)
  object space 84032K, 19% used [0x00000000d0000000,0x00000000d0fc19e8,0x00000000d5210000)
 PSPermGen       total 21248K, used 20243K [0x00000000c0000000, 0x00000000c14c0000, 0x00000000d0000000)
  object space 21248K, 95% used [0x00000000c0000000,0x00000000c13c4dc0,0x00000000c14c0000)
Event: 4.536 GC heap after
Heap after GC invocations=4 (full 0):
 PSYoungGen      total 131200K, used 5216K [0x00000000f0000000, 0x00000000f8540000, 0x0000000100000000)
  eden space 125952K, 0% used [0x00000000f0000000,0x00000000f0000000,0x00000000f7b00000)
  from space 5248K, 99% used [0x00000000f8020000,0x00000000f8538020,0x00000000f8540000)
  to   space 5248K, 0% used [0x00000000f7b00000,0x00000000f7b00000,0x00000000f8020000)
 ParOldGen       total 84032K, used 19613K [0x00000000d0000000, 0x00000000d5210000, 0x00000000f0000000)
  object space 84032K, 23% used [0x00000000d0000000,0x00000000d13274e8,0x00000000d5210000)
 PSPermGen       total 21248K, used 20243K [0x00000000c0000000, 0x00000000c14c0000, 0x00000000d0000000)
  object space 21248K, 95% used [0x00000000c0000000,0x00000000c13c4dc0,0x00000000c14c0000)
}
Event: 6.125 GC heap before
{Heap before GC invocations=5 (full 0):
 PSYoungGen      total 131200K, used 131168K [0x00000000f0000000, 0x00000000f8540000, 0x0000000100000000)
  eden space 125952K, 100% used [0x00000000f0000000,0x00000000f7b00000,0x00000000f7b00000)
  from space 5248K, 99% used [0x00000000f8020000,0x00000000f8538020,0x00000000f8540000)
  to   space 5248K, 0% used [0x00000000f7b00000,0x00000000f7b00000,0x00000000f8020000)
 ParOldGen       total 84032K, used 19613K [0x00000000d0000000, 0x00000000d5210000, 0x00000000f0000000)
  object space 84032K, 23% used [0x00000000d0000000,0x00000000d13274e8,0x00000000d5210000)
 PSPermGen       total 22976K, used 22854K [0x00000000c0000000, 0x00000000c1670000, 0x00000000d0000000)
  object space 22976K, 99% used [0x00000000c0000000,0x00000000c1651b98,0x00000000c1670000)
Event: 6.160 GC heap after
Heap after GC invocations=5 (full 0):
 PSYoungGen      total 131200K, used 5248K [0x00000000f0000000, 0x0000000100000000, 0x0000000100000000)
  eden space 125952K, 0% used [0x00000000f0000000,0x00000000f0000000,0x00000000f7b00000)
  from space 5248K, 100% used [0x00000000f7b00000,0x00000000f8020000,0x00000000f8020000)
  to   space 16384K, 0% used [0x00000000ff000000,0x00000000ff000000,0x0000000100000000)
 ParOldGen       total 84032K, used 29606K [0x00000000d0000000, 0x00000000d5210000, 0x00000000f0000000)
  object space 84032K, 35% used [0x00000000d0000000,0x00000000d1ce9908,0x00000000d5210000)
 PSPermGen       total 22976K, used 22854K [0x00000000c0000000, 0x00000000c1670000, 0x00000000d0000000)
  object space 22976K, 99% used [0x00000000c0000000,0x00000000c1651b98,0x00000000c1670000)
}
Event: 7.999 GC heap before
{Heap before GC invocations=6 (full 0):
 PSYoungGen      total 131200K, used 131200K [0x00000000f0000000, 0x0000000100000000, 0x0000000100000000)
  eden space 125952K, 100% used [0x00000000f0000000,0x00000000f7b00000,0x00000000f7b00000)
  from space 5248K, 100% used [0x00000000f7b00000,0x00000000f8020000,0x00000000f8020000)
  to   space 16384K, 0% used [0x00000000ff000000,0x00000000ff000000,0x0000000100000000)
 ParOldGen       total 84032K, used 29606K [0x00000000d0000000, 0x00000000d5210000, 0x00000000f0000000)
  object space 84032K, 35% used [0x00000000d0000000,0x00000000d1ce9908,0x00000000d5210000)
 PSPermGen       total 25856K, used 25734K [0x00000000c0000000, 0x00000000c1940000, 0x00000000d0000000)
  object space 25856K, 99% used [0x00000000c0000000,0x00000000c1921aa8,0x00000000c1940000)
Event: 8.035 GC heap after
Heap after GC invocations=6 (full 0):
 PSYoungGen      total 237568K, used 16371K [0x00000000f0000000, 0x0000000100000000, 0x0000000100000000)
  eden space 221184K, 0% used [0x00000000f0000000,0x00000000f0000000,0x00000000fd800000)
  from space 16384K, 99% used [0x00000000ff000000,0x00000000ffffcc68,0x0000000100000000)
  to   space 20480K, 0% used [0x00000000fd800000,0x00000000fd800000,0x00000000fec00000)
 ParOldGen       total 84032K, used 33126K [0x00000000d0000000, 0x00000000d5210000, 0x00000000f0000000)
  object space 84032K, 39% used [0x00000000d0000000,0x00000000d20598b8,0x00000000d5210000)
 PSPermGen       total 25856K, used 25734K [0x00000000c0000000, 0x00000000c1940000, 0x00000000d0000000)
  object space 25856K, 99% used [0x00000000c0000000,0x00000000c1921aa8,0x00000000c1940000)
}
Event: 10.288 GC heap before
{Heap before GC invocations=7 (full 0):
 PSYoungGen      total 237568K, used 237555K [0x00000000f0000000, 0x0000000100000000, 0x0000000100000000)
  eden space 221184K, 100% used [0x00000000f0000000,0x00000000fd800000,0x00000000fd800000)
  from space 16384K, 99% used [0x00000000ff000000,0x00000000ffffcc68,0x0000000100000000)
  to   space 20480K, 0% used [0x00000000fd800000,0x00000000fd800000,0x00000000fec00000)
 ParOldGen       total 84032K, used 33126K [0x00000000d0000000, 0x00000000d5210000, 0x00000000f0000000)
  object space 84032K, 39% used [0x00000000d0000000,0x00000000d20598b8,0x00000000d5210000)
 PSPermGen       total 30272K, used 30184K [0x00000000c0000000, 0x00000000c1d90000, 0x00000000d0000000)
  object space 30272K, 99% used [0x00000000c0000000,0x00000000c1d7a110,0x00000000c1d90000)

